{
  "RSpec": {
    "coverage": {
      "/Users/ibrahimmohamed/Desktop/feedback_api/spec/support/factory_bot.rb": [
        1,
        1,
        null
      ],
      "/Users/ibrahimmohamed/Desktop/feedback_api/app/controllers/feedbacks_controller.rb": [
        1,
        1,
        null,
        1,
        2,
        2,
        null,
        0,
        null,
        null,
        1,
        1,
        1,
        null,
        0,
        null,
        null,
        null,
        1,
        1,
        1,
        1,
        1,
        null,
        1,
        null,
        0,
        null,
        null,
        null,
        1,
        1,
        1,
        null,
        null,
        null,
        1,
        null,
        1,
        1,
        null,
        null,
        null,
        1,
        1,
        null,
        null,
        1,
        1,
        null,
        null,
        null
      ],
      "/Users/ibrahimmohamed/Desktop/feedback_api/app/controllers/application_controller.rb": [
        1,
        null
      ],
      "/Users/ibrahimmohamed/Desktop/feedback_api/spec/models/feedback_spec.rb": [
        1,
        null,
        1,
        2,
        null
      ],
      "/Users/ibrahimmohamed/Desktop/feedback_api/app/models/feedback.rb": [
        1,
        1,
        1,
        null
      ],
      "/Users/ibrahimmohamed/Desktop/feedback_api/app/models/application_record.rb": [
        1,
        1,
        null
      ],
      "/Users/ibrahimmohamed/Desktop/feedback_api/spec/models/state_spec.rb": [
        1,
        null,
        1,
        2,
        null
      ],
      "/Users/ibrahimmohamed/Desktop/feedback_api/app/models/state.rb": [
        1,
        1,
        null
      ]
    },
    "timestamp": 1558009357
  }
}
